<?xml version="1.0" encoding="UTF-8"?>
  <testsuites tests="40" disabled="0" errors="0" failures="0" time="0.0019282">
      <testsuite name="registration-operator E2E Suite" package="/Users/xuezhao/go/src/github.com/xuezhaojun/registration-operator/test/e2e" tests="13" disabled="0" skipped="0" errors="0" failures="0" time="0.000494247" timestamp="2022-11-16T14:38:37">
          <properties>
              <property name="SuiteSucceeded" value="true"></property>
              <property name="SuiteHasProgrammaticFocus" value="false"></property>
              <property name="SpecialSuiteFailureReason" value=""></property>
              <property name="SuiteLabels" value="[]"></property>
              <property name="RandomSeed" value="1668580708"></property>
              <property name="RandomizeAllSpecs" value="false"></property>
              <property name="LabelFilter" value=""></property>
              <property name="FocusStrings" value=""></property>
              <property name="SkipStrings" value=""></property>
              <property name="FocusFiles" value=""></property>
              <property name="SkipFiles" value=""></property>
              <property name="FailOnPending" value="false"></property>
              <property name="FailFast" value="false"></property>
              <property name="FlakeAttempts" value="0"></property>
              <property name="DryRun" value="true"></property>
              <property name="ParallelTotal" value="1"></property>
              <property name="OutputInterceptorMode" value=""></property>
          </properties>
          <testcase name="[BeforeSuite]" classname="registration-operator E2E Suite" status="passed" time="0"></testcase>
          <testcase name="[It] Create klusterlet and then create a configmap by manifestwork Create configmap using manifestwork and then delete klusterlet" classname="registration-operator E2E Suite" status="passed" time="0"></testcase>
          <testcase name="[It] Create klusterlet and then create a configmap by manifestwork Create configmap using manifestwork and then delete klusterlet in Hosted mode" classname="registration-operator E2E Suite" status="passed" time="0"></testcase>
          <testcase name="[It] Create klusterlet CR Create klusterlet CR with install mode empty" classname="registration-operator E2E Suite" status="passed" time="0"></testcase>
          <testcase name="[It] Create klusterlet CR Create klusterlet CR with managed cluster name" classname="registration-operator E2E Suite" status="passed" time="0"></testcase>
          <testcase name="[It] Create klusterlet CR Created klusterlet without managed cluster name" classname="registration-operator E2E Suite" status="passed" time="0"></testcase>
          <testcase name="[It] Create klusterlet CR Create klusterlet CR in Hosted mode" classname="registration-operator E2E Suite" status="passed" time="0"></testcase>
          <testcase name="[It] Create v1beta2 managedclusterset Create a v1beta2 labelselector based ManagedClusterSet and get/update/delete with v1beta2 client" classname="registration-operator E2E Suite" status="passed" time="0"></testcase>
          <testcase name="[It] Create v1beta2 managedclusterset Create a v1beta2 labelselector based ManagedClusterSet and get/update/delete with v1beta1 client" classname="registration-operator E2E Suite" status="passed" time="0"></testcase>
          <testcase name="[It] Placement Should schedule placement successfully" classname="registration-operator E2E Suite" status="passed" time="0"></testcase>
          <testcase name="[It] Delete klusterlet CR Delete klusterlet CR in Hosted mode without external managed kubeconfig" classname="registration-operator E2E Suite" status="passed" time="0"></testcase>
          <testcase name="[It] Manage the managed cluster addons Create one managed cluster addon and make sure it is available" classname="registration-operator E2E Suite" status="passed" time="0"></testcase>
          <testcase name="[It] Manage the managed cluster addons Create one managed cluster addon and make sure it is available in Hosted mode" classname="registration-operator E2E Suite" status="passed" time="0"></testcase>
      </testsuite>
      <testsuite name="Integration Suite" package="/Users/xuezhao/go/src/github.com/xuezhaojun/registration-operator/test/integration" tests="27" disabled="0" skipped="0" errors="0" failures="0" time="0.001433953" timestamp="2022-11-16T14:38:41">
          <properties>
              <property name="SuiteSucceeded" value="true"></property>
              <property name="SuiteHasProgrammaticFocus" value="false"></property>
              <property name="SpecialSuiteFailureReason" value=""></property>
              <property name="SuiteLabels" value="[]"></property>
              <property name="RandomSeed" value="1668580708"></property>
              <property name="RandomizeAllSpecs" value="false"></property>
              <property name="LabelFilter" value=""></property>
              <property name="FocusStrings" value=""></property>
              <property name="SkipStrings" value=""></property>
              <property name="FocusFiles" value=""></property>
              <property name="SkipFiles" value=""></property>
              <property name="FailOnPending" value="false"></property>
              <property name="FailFast" value="false"></property>
              <property name="FlakeAttempts" value="0"></property>
              <property name="DryRun" value="true"></property>
              <property name="ParallelTotal" value="1"></property>
              <property name="OutputInterceptorMode" value=""></property>
          </properties>
          <testcase name="[BeforeSuite]" classname="Integration Suite" status="passed" time="0"></testcase>
          <testcase name="[It] ClusterManager Hosted Mode Deploy and clean hub component should have expected resource created successfully" classname="Integration Suite" status="passed" time="0"></testcase>
          <testcase name="[It] ClusterManager Hosted Mode Deploy and clean hub component Deployment should be updated when clustermanager is changed" classname="Integration Suite" status="passed" time="0"></testcase>
          <testcase name="[It] ClusterManager Hosted Mode Deploy and clean hub component Deployment should be added nodeSelector and toleration when add nodePlacement into clustermanager" classname="Integration Suite" status="passed" time="0"></testcase>
          <testcase name="[It] ClusterManager Hosted Mode Deploy and clean hub component Deployment should be reconciled when manually updated" classname="Integration Suite" status="passed" time="0"></testcase>
          <testcase name="[It] ClusterManager Hosted Mode Cluster manager statuses should have correct degraded conditions" classname="Integration Suite" status="passed" time="0"></testcase>
          <testcase name="[It] ClusterManager Hosted Mode Serving cert rotation should rotate both serving cert and signing cert before they become expired" classname="Integration Suite" status="passed" time="0"></testcase>
          <testcase name="[It] Klusterlet Hosted mode Deploy and clean klusterlet component should have expected resource created successfully" classname="Integration Suite" status="passed" time="0"></testcase>
          <testcase name="[It] ClusterManager Default Mode Deploy and clean hub component should have expected resource created successfully" classname="Integration Suite" status="passed" time="0"></testcase>
          <testcase name="[It] ClusterManager Default Mode Deploy and clean hub component Deployment should be updated when clustermanager is changed" classname="Integration Suite" status="passed" time="0"></testcase>
          <testcase name="[It] ClusterManager Default Mode Deploy and clean hub component Deployment should be added nodeSelector and toleration when add nodePlacement into clustermanager" classname="Integration Suite" status="passed" time="0"></testcase>
          <testcase name="[It] ClusterManager Default Mode Deploy and clean hub component Deployment should be reconciled when manually updated" classname="Integration Suite" status="passed" time="0"></testcase>
          <testcase name="[It] ClusterManager Default Mode Cluster manager statuses should have correct degraded conditions" classname="Integration Suite" status="passed" time="0"></testcase>
          <testcase name="[It] ClusterManager Default Mode Serving cert rotation should rotate both serving cert and signing cert before they become expired" classname="Integration Suite" status="passed" time="0"></testcase>
          <testcase name="[It] Klusterlet Deploy and clean klusterlet component should have expected resource created successfully" classname="Integration Suite" status="passed" time="0"></testcase>
          <testcase name="[It] Klusterlet Deploy and clean klusterlet component Deployment should be added nodeSelector and toleration when add nodePlacement into klusterlet" classname="Integration Suite" status="passed" time="0"></testcase>
          <testcase name="[It] Klusterlet Deploy and clean klusterlet component should have correct registration deployment when server url is empty" classname="Integration Suite" status="passed" time="0"></testcase>
          <testcase name="[It] Klusterlet Deploy and clean klusterlet component should have correct work deployment until HubConnectionDegraded is False when clusterName is empty" classname="Integration Suite" status="passed" time="0"></testcase>
          <testcase name="[It] Klusterlet Deploy and clean klusterlet component Deployment should be updated when klusterlet is changed" classname="Integration Suite" status="passed" time="0"></testcase>
          <testcase name="[It] Klusterlet Deploy and clean klusterlet component Deployment should be reconciled when manually updated" classname="Integration Suite" status="passed" time="0"></testcase>
          <testcase name="[It] Klusterlet Deploy and clean klusterlet component Deployment should have correct replica" classname="Integration Suite" status="passed" time="0"></testcase>
          <testcase name="[It] Klusterlet Deploy and clean klusterlet component Deployment should be added hostAliases when add hostAlias into klusterlet" classname="Integration Suite" status="passed" time="0"></testcase>
          <testcase name="[It] Klusterlet klusterlet statuses should have correct degraded conditions" classname="Integration Suite" status="passed" time="0"></testcase>
          <testcase name="[It] Klusterlet klusterlet statuses should have correct available conditions" classname="Integration Suite" status="passed" time="0"></testcase>
          <testcase name="[It] Klusterlet bootstrap reconciliation should reload the klusterlet after the bootstrap secret is changed" classname="Integration Suite" status="passed" time="0"></testcase>
          <testcase name="[It] Klusterlet bootstrap reconciliation should reload the klusterlet after the hub secret is expired" classname="Integration Suite" status="passed" time="0"></testcase>
          <testcase name="[AfterSuite]" classname="Integration Suite" status="passed" time="0"></testcase>
      </testsuite>
  </testsuites>